[2023-08-26 15:15:27.551] [error] uncaughtException Error: write EIO
    at afterWriteDispatched (node:internal/stream_base_commons:160:15)
    at writeGeneric (node:internal/stream_base_commons:151:3)
    at Socket._writeGeneric (node:net:930:11)
    at Socket._write (node:net:942:8)
    at writeOrBuffer (node:internal/streams/writable:392:12)
    at _write (node:internal/streams/writable:333:10)
    at Writable.write (node:internal/streams/writable:337:10)
    at console.value (node:internal/console/constructor:300:16)
    at console.warn (node:internal/console/constructor:382:26)
    at consoleLog (/tmp/.mount_WowUp-4cSHwu/resources/app.asar/node_modules/electron-log/src/transports/console.js:100:17)
[2023-08-26 15:15:27.551] [error] uncaughtException Error: write EIO
    at afterWriteDispatched (node:internal/stream_base_commons:160:15)
    at writeGeneric (node:internal/stream_base_commons:151:3)
    at Socket._writeGeneric (node:net:930:11)
    at Socket._write (node:net:942:8)
    at writeOrBuffer (node:internal/streams/writable:392:12)
    at _write (node:internal/streams/writable:333:10)
    at Writable.write (node:internal/streams/writable:337:10)
    at console.value (node:internal/console/constructor:300:16)
    at console.warn (node:internal/console/constructor:382:26)
    at consoleLog (/tmp/.mount_WowUp-4cSHwu/resources/app.asar/node_modules/electron-log/src/transports/console.js:100:17)
[2023-08-26 15:15:27.552] [error] uncaughtException Error: write EIO
    at afterWriteDispatched (node:internal/stream_base_commons:160:15)
    at writeGeneric (node:internal/stream_base_commons:151:3)
    at Socket._writeGeneric (node:net:930:11)
    at Socket._write (node:net:942:8)
    at writeOrBuffer (node:internal/streams/writable:392:12)
    at _write (node:internal/streams/writable:333:10)
    at Writable.write (node:internal/streams/writable:337:10)
    at console.value (node:internal/console/constructor:300:16)
    at console.warn (node:internal/console/constructor:382:26)
    at consoleLog (/tmp/.mount_WowUp-4cSHwu/resources/app.asar/node_modules/electron-log/src/transports/console.js:100:17)
[2023-08-26 15:15:27.552] [error] uncaughtException Error: write EIO
    at afterWriteDispatched (node:internal/stream_base_commons:160:15)
    at writeGeneric (node:internal/stream_base_commons:151:3)
    at Socket._writeGeneric (node:net:930:11)
    at Socket._write (node:net:942:8)
    at writeOrBuffer (node:internal/streams/writable:392:12)
    at _write (node:internal/streams/writable:333:10)
    at Writable.write (node:internal/streams/writable:337:10)
    at console.value (node:internal/console/constructor:300:16)
    at console.warn (node:internal/console/constructor:382:26)
    at consoleLog (/tmp/.mount_WowUp-4cSHwu/resources/app.asar/node_modules/electron-log/src/transports/console.js:100:17)
[2023-08-26 15:15:27.552] [error] uncaughtException Error: write EIO
    at afterWriteDispatched (node:internal/stream_base_commons:160:15)
    at writeGeneric (node:internal/stream_base_commons:151:3)
    at Socket._writeGeneric (node:net:930:11)
    at Socket._write (node:net:942:8)
    at writeOrBuffer (node:internal/streams/writable:392:12)
    at _write (node:internal/streams/writable:333:10)
    at Writable.write (node:internal/streams/writable:337:10)
    at console.value (node:internal/console/constructor:300:16)
    at console.warn (node:internal/console/constructor:382:26)
    at consoleLog (/tmp/.mount_WowUp-4cSHwu/resources/app.asar/node_modules/electron-log/src/transports/console.js:100:17)
[2023-08-26 15:15:27.552] [error] uncaughtException Error: write EIO
    at afterWriteDispatched (node:internal/stream_base_commons:160:15)
    at writeGeneric (node:internal/stream_base_commons:151:3)
    at Socket._writeGeneric (node:net:930:11)
    at Socket._write (node:net:942:8)
    at writeOrBuffer (node:internal/streams/writable:392:12)
    at _write (node:internal/streams/writable:333:10)
    at Writable.write (node:internal/streams/writable:337:10)
    at console.value (node:internal/console/constructor:300:16)
    at console.warn (node:internal/console/constructor:382:26)
    at consoleLog (/tmp/.mount_WowUp-4cSHwu/resources/app.asar/node_modules/electron-log/src/transports/console.js:100:17)
[2023-08-26 15:15:27.552] [error] uncaughtException Error: write EIO
    at afterWriteDispatched (node:internal/stream_base_commons:160:15)
    at writeGeneric (node:internal/stream_base_commons:151:3)
    at Socket._writeGeneric (node:net:930:11)
    at Socket._write (node:net:942:8)
    at writeOrBuffer (node:internal/streams/writable:392:12)
    at _write (node:internal/streams/writable:333:10)
    at Writable.write (node:internal/streams/writable:337:10)
    at console.value (node:internal/console/constructor:300:16)
    at console.warn (node:internal/console/constructor:382:26)
    at consoleLog (/tmp/.mount_WowUp-4cSHwu/resources/app.asar/node_modules/electron-log/src/transports/console.js:100:17)
[2023-08-26 15:15:27.553] [error] uncaughtException Error: write EIO
    at afterWriteDispatched (node:internal/stream_base_commons:160:15)
    at writeGeneric (node:internal/stream_base_commons:151:3)
    at Socket._writeGeneric (node:net:930:11)
    at Socket._write (node:net:942:8)
    at writeOrBuffer (node:internal/streams/writable:392:12)
    at _write (node:internal/streams/writable:333:10)
    at Writable.write (node:internal/streams/writable:337:10)
    at console.value (node:internal/console/constructor:300:16)
    at console.warn (node:internal/console/constructor:382:26)
    at consoleLog (/tmp/.mount_WowUp-4cSHwu/resources/app.asar/node_modules/electron-log/src/transports/console.js:100:17)
[2023-08-26 15:15:27.553] [error] uncaughtException Error: write EIO
    at afterWriteDispatched (node:internal/stream_base_commons:160:15)
    at writeGeneric (node:internal/stream_base_commons:151:3)
    at Socket._writeGeneric (node:net:930:11)
    at Socket._write (node:net:942:8)
    at writeOrBuffer (node:internal/streams/writable:392:12)
    at _write (node:internal/streams/writable:333:10)
    at Writable.write (node:internal/streams/writable:337:10)
    at console.value (node:internal/console/constructor:300:16)
    at console.warn (node:internal/console/constructor:382:26)
    at consoleLog (/tmp/.mount_WowUp-4cSHwu/resources/app.asar/node_modules/electron-log/src/transports/console.js:100:17)
[2023-08-26 15:15:27.553] [error] uncaughtException Error: write EIO
    at afterWriteDispatched (node:internal/stream_base_commons:160:15)
    at writeGeneric (node:internal/stream_base_commons:151:3)
    at Socket._writeGeneric (node:net:930:11)
    at Socket._write (node:net:942:8)
    at writeOrBuffer (node:internal/streams/writable:392:12)
    at _write (node:internal/streams/writable:333:10)
    at Writable.write (node:internal/streams/writable:337:10)
    at console.value (node:internal/console/constructor:300:16)
    at console.warn (node:internal/console/constructor:382:26)
    at consoleLog (/tmp/.mount_WowUp-4cSHwu/resources/app.asar/node_modules/electron-log/src/transports/console.js:100:17)
[2023-08-26 15:15:27.553] [error] uncaughtException Error: write EIO
    at afterWriteDispatched (node:internal/stream_base_commons:160:15)
    at writeGeneric (node:internal/stream_base_commons:151:3)
    at Socket._writeGeneric (node:net:930:11)
    at Socket._write (node:net:942:8)
    at writeOrBuffer (node:internal/streams/writable:392:12)
    at _write (node:internal/streams/writable:333:10)
    at Writable.write (node:internal/streams/writable:337:10)
    at console.value (node:internal/console/constructor:300:16)
    at console.warn (node:internal/console/constructor:382:26)
    at consoleLog (/tmp/.mount_WowUp-4cSHwu/resources/app.asar/node_modules/electron-log/src/transports/console.js:100:17)
[2023-08-26 15:15:27.553] [error] uncaughtException Error: write EIO
    at afterWriteDispatched (node:internal/stream_base_commons:160:15)
    at writeGeneric (node:internal/stream_base_commons:151:3)
    at Socket._writeGeneric (node:net:930:11)
    at Socket._write (node:net:942:8)
    at writeOrBuffer (node:internal/streams/writable:392:12)
    at _write (node:internal/streams/writable:333:10)
    at Writable.write (node:internal/streams/writable:337:10)
    at console.value (node:internal/console/constructor:300:16)
    at console.warn (node:internal/console/constructor:382:26)
    at consoleLog (/tmp/.mount_WowUp-4cSHwu/resources/app.asar/node_modules/electron-log/src/transports/console.js:100:17)
[2023-08-26 15:15:27.553] [error] uncaughtException Error: write EIO
    at afterWriteDispatched (node:internal/stream_base_commons:160:15)
    at writeGeneric (node:internal/stream_base_commons:151:3)
    at Socket._writeGeneric (node:net:930:11)
    at Socket._write (node:net:942:8)
    at writeOrBuffer (node:internal/streams/writable:392:12)
    at _write (node:internal/streams/writable:333:10)
    at Writable.write (node:internal/streams/writable:337:10)
    at console.value (node:internal/console/constructor:300:16)
    at console.warn (node:internal/console/constructor:382:26)
    at consoleLog (/tmp/.mount_WowUp-4cSHwu/resources/app.asar/node_modules/electron-log/src/transports/console.js:100:17)
[2023-08-26 15:15:27.554] [error] uncaughtException Error: write EIO
    at afterWriteDispatched (node:internal/stream_base_commons:160:15)
    at writeGeneric (node:internal/stream_base_commons:151:3)
    at Socket._writeGeneric (node:net:930:11)
    at Socket._write (node:net:942:8)
    at writeOrBuffer (node:internal/streams/writable:392:12)
    at _write (node:internal/streams/writable:333:10)
    at Writable.write (node:internal/streams/writable:337:10)
    at console.value (node:internal/console/constructor:300:16)
    at console.warn (node:internal/console/constructor:382:26)
    at consoleLog (/tmp/.mount_WowUp-4cSHwu/resources/app.asar/node_modules/electron-log/src/transports/console.js:100:17)
[2023-08-26 15:15:27.554] [error] uncaughtException Error: write EIO
    at afterWriteDispatched (node:internal/stream_base_commons:160:15)
    at writeGeneric (node:internal/stream_base_commons:151:3)
    at Socket._writeGeneric (node:net:930:11)
    at Socket._write (node:net:942:8)
    at writeOrBuffer (node:internal/streams/writable:392:12)
    at _write (node:internal/streams/writable:333:10)
    at Writable.write (node:internal/streams/writable:337:10)
    at console.value (node:internal/console/constructor:300:16)
    at console.warn (node:internal/console/constructor:382:26)
    at consoleLog (/tmp/.mount_WowUp-4cSHwu/resources/app.asar/node_modules/electron-log/src/transports/console.js:100:17)
[2023-08-26 15:15:27.554] [error] uncaughtException Error: write EIO
    at afterWriteDispatched (node:internal/stream_base_commons:160:15)
    at writeGeneric (node:internal/stream_base_commons:151:3)
    at Socket._writeGeneric (node:net:930:11)
    at Socket._write (node:net:942:8)
    at writeOrBuffer (node:internal/streams/writable:392:12)
    at _write (node:internal/streams/writable:333:10)
    at Writable.write (node:internal/streams/writable:337:10)
    at console.value (node:internal/console/constructor:300:16)
    at console.warn (node:internal/console/constructor:382:26)
    at consoleLog (/tmp/.mount_WowUp-4cSHwu/resources/app.asar/node_modules/electron-log/src/transports/console.js:100:17)
[2023-08-26 15:15:27.554] [error] uncaughtException Error: write EIO
    at afterWriteDispatched (node:internal/stream_base_commons:160:15)
    at writeGeneric (node:internal/stream_base_commons:151:3)
    at Socket._writeGeneric (node:net:930:11)
    at Socket._write (node:net:942:8)
    at writeOrBuffer (node:internal/streams/writable:392:12)
    at _write (node:internal/streams/writable:333:10)
    at Writable.write (node:internal/streams/writable:337:10)
    at console.value (node:internal/console/constructor:300:16)
    at console.warn (node:internal/console/constructor:382:26)
    at consoleLog (/tmp/.mount_WowUp-4cSHwu/resources/app.asar/node_modules/electron-log/src/transports/console.js:100:17)
[2023-08-26 15:15:27.554] [error] uncaughtException Error: write EIO
    at afterWriteDispatched (node:internal/stream_base_commons:160:15)
    at writeGeneric (node:internal/stream_base_commons:151:3)
    at Socket._writeGeneric (node:net:930:11)
    at Socket._write (node:net:942:8)
    at writeOrBuffer (node:internal/streams/writable:392:12)
    at _write (node:internal/streams/writable:333:10)
    at Writable.write (node:internal/streams/writable:337:10)
    at console.value (node:internal/console/constructor:300:16)
    at console.warn (node:internal/console/constructor:382:26)
    at consoleLog (/tmp/.mount_WowUp-4cSHwu/resources/app.asar/node_modules/electron-log/src/transports/console.js:100:17)
[2023-08-26 15:15:27.554] [error] uncaughtException Error: write EIO
    at afterWriteDispatched (node:internal/stream_base_commons:160:15)
    at writeGeneric (node:internal/stream_base_commons:151:3)
    at Socket._writeGeneric (node:net:930:11)
    at Socket._write (node:net:942:8)
    at writeOrBuffer (node:internal/streams/writable:392:12)
    at _write (node:internal/streams/writable:333:10)
    at Writable.write (node:internal/streams/writable:337:10)
    at console.value (node:internal/console/constructor:300:16)
    at console.warn (node:internal/console/constructor:382:26)
    at consoleLog (/tmp/.mount_WowUp-4cSHwu/resources/app.asar/node_modules/electron-log/src/transports/console.js:100:17)
[2023-08-26 15:15:27.555] [error] uncaughtException Error: write EIO
    at afterWriteDispatched (node:internal/stream_base_commons:160:15)
    at writeGeneric (node:internal/stream_base_commons:151:3)
    at Socket._writeGeneric (node:net:930:11)
    at Socket._write (node:net:942:8)
    at writeOrBuffer (node:internal/streams/writable:392:12)
    at _write (node:internal/streams/writable:333:10)
    at Writable.write (node:internal/streams/writable:337:10)
    at console.value (node:internal/console/constructor:300:16)
    at console.warn (node:internal/console/constructor:382:26)
    at consoleLog (/tmp/.mount_WowUp-4cSHwu/resources/app.asar/node_modules/electron-log/src/transports/console.js:100:17)
[2023-08-26 15:15:27.555] [error] uncaughtException Error: write EIO
    at afterWriteDispatched (node:internal/stream_base_commons:160:15)
    at writeGeneric (node:internal/stream_base_commons:151:3)
    at Socket._writeGeneric (node:net:930:11)
    at Socket._write (node:net:942:8)
    at writeOrBuffer (node:internal/streams/writable:392:12)
    at _write (node:internal/streams/writable:333:10)
    at Writable.write (node:internal/streams/writable:337:10)
    at console.value (node:internal/console/constructor:300:16)
    at console.warn (node:internal/console/constructor:382:26)
    at consoleLog (/tmp/.mount_WowUp-4cSHwu/resources/app.asar/node_modules/electron-log/src/transports/console.js:100:17)
[2023-08-26 15:15:27.555] [error] uncaughtException Error: write EIO
    at afterWriteDispatched (node:internal/stream_base_commons:160:15)
    at writeGeneric (node:internal/stream_base_commons:151:3)
    at Socket._writeGeneric (node:net:930:11)
    at Socket._write (node:net:942:8)
    at writeOrBuffer (node:internal/streams/writable:392:12)
    at _write (node:internal/streams/writable:333:10)
    at Writable.write (node:internal/streams/writable:337:10)
    at console.value (node:internal/console/constructor:300:16)
    at console.warn (node:internal/console/constructor:382:26)
    at consoleLog (/tmp/.mount_WowUp-4cSHwu/resources/app.asar/node_modules/electron-log/src/transports/console.js:100:17)
[2023-08-26 15:15:27.555] [error] uncaughtException Error: write EIO
    at afterWriteDispatched (node:internal/stream_base_commons:160:15)
    at writeGeneric (node:internal/stream_base_commons:151:3)
    at Socket._writeGeneric (node:net:930:11)
    at Socket._write (node:net:942:8)
    at writeOrBuffer (node:internal/streams/writable:392:12)
    at _write (node:internal/streams/writable:333:10)
    at Writable.write (node:internal/streams/writable:337:10)
    at console.value (node:internal/console/constructor:300:16)
    at console.warn (node:internal/console/constructor:382:26)
    at consoleLog (/tmp/.mount_WowUp-4cSHwu/resources/app.asar/node_modules/electron-log/src/transports/console.js:100:17)
[2023-08-26 15:15:27.555] [error] uncaughtException Error: write EIO
    at afterWriteDispatched (node:internal/stream_base_commons:160:15)
    at writeGeneric (node:internal/stream_base_commons:151:3)
    at Socket._writeGeneric (node:net:930:11)
    at Socket._write (node:net:942:8)
    at writeOrBuffer (node:internal/streams/writable:392:12)
    at _write (node:internal/streams/writable:333:10)
    at Writable.write (node:internal/streams/writable:337:10)
    at console.value (node:internal/console/constructor:300:16)
    at console.warn (node:internal/console/constructor:382:26)
    at consoleLog (/tmp/.mount_WowUp-4cSHwu/resources/app.asar/node_modules/electron-log/src/transports/console.js:100:17)
[2023-08-26 15:15:27.555] [error] uncaughtException Error: write EIO
    at afterWriteDispatched (node:internal/stream_base_commons:160:15)
    at writeGeneric (node:internal/stream_base_commons:151:3)
    at Socket._writeGeneric (node:net:930:11)
    at Socket._write (node:net:942:8)
    at writeOrBuffer (node:internal/streams/writable:392:12)
    at _write (node:internal/streams/writable:333:10)
    at Writable.write (node:internal/streams/writable:337:10)
    at console.value (node:internal/console/constructor:300:16)
    at console.warn (node:internal/console/constructor:382:26)
    at consoleLog (/tmp/.mount_WowUp-4cSHwu/resources/app.asar/node_modules/electron-log/src/transports/console.js:100:17)
[2023-08-26 15:15:27.556] [error] uncaughtException Error: write EIO
    at afterWriteDispatched (node:internal/stream_base_commons:160:15)
    at writeGeneric (node:internal/stream_base_commons:151:3)
    at Socket._writeGeneric (node:net:930:11)
    at Socket._write (node:net:942:8)
    at writeOrBuffer (node:internal/streams/writable:392:12)
    at _write (node:internal/streams/writable:333:10)
    at Writable.write (node:internal/streams/writable:337:10)
    at console.value (node:internal/console/constructor:300:16)
    at console.warn (node:internal/console/constructor:382:26)
    at consoleLog (/tmp/.mount_WowUp-4cSHwu/resources/app.asar/node_modules/electron-log/src/transports/console.js:100:17)
[2023-08-26 15:15:27.556] [error] uncaughtException Error: write EIO
    at afterWriteDispatched (node:internal/stream_base_commons:160:15)
    at writeGeneric (node:internal/stream_base_commons:151:3)
    at Socket._writeGeneric (node:net:930:11)
    at Socket._write (node:net:942:8)
    at writeOrBuffer (node:internal/streams/writable:392:12)
    at _write (node:internal/streams/writable:333:10)
    at Writable.write (node:internal/streams/writable:337:10)
    at console.value (node:internal/console/constructor:300:16)
    at console.warn (node:internal/console/constructor:382:26)
    at consoleLog (/tmp/.mount_WowUp-4cSHwu/resources/app.asar/node_modules/electron-log/src/transports/console.js:100:17)
[2023-08-26 15:15:27.556] [error] uncaughtException Error: write EIO
    at afterWriteDispatched (node:internal/stream_base_commons:160:15)
    at writeGeneric (node:internal/stream_base_commons:151:3)
    at Socket._writeGeneric (node:net:930:11)
    at Socket._write (node:net:942:8)
    at writeOrBuffer (node:internal/streams/writable:392:12)
    at _write (node:internal/streams/writable:333:10)
    at Writable.write (node:internal/streams/writable:337:10)
    at console.value (node:internal/console/constructor:300:16)
    at console.warn (node:internal/console/constructor:382:26)
    at consoleLog (/tmp/.mount_WowUp-4cSHwu/resources/app.asar/node_modules/electron-log/src/transports/console.js:100:17)
[2023-08-26 15:15:27.556] [error] uncaughtException Error: write EIO
    at afterWriteDispatched (node:internal/stream_base_commons:160:15)
    at writeGeneric (node:internal/stream_base_commons:151:3)
    at Socket._writeGeneric (node:net:930:11)
    at Socket._write (node:net:942:8)
    at writeOrBuffer (node:internal/streams/writable:392:12)
    at _write (node:internal/streams/writable:333:10)
    at Writable.write (node:internal/streams/writable:337:10)
    at console.value (node:internal/console/constructor:300:16)
    at console.warn (node:internal/console/constructor:382:26)
    at consoleLog (/tmp/.mount_WowUp-4cSHwu/resources/app.asar/node_modules/electron-log/src/transports/console.js:100:17)
[2023-08-26 15:15:27.556] [error] uncaughtException Error: write EIO
    at afterWriteDispatched (node:internal/stream_base_commons:160:15)
    at writeGeneric (node:internal/stream_base_commons:151:3)
    at Socket._writeGeneric (node:net:930:11)
    at Socket._write (node:net:942:8)
    at writeOrBuffer (node:internal/streams/writable:392:12)
    at _write (node:internal/streams/writable:333:10)
    at Writable.write (node:internal/streams/writable:337:10)
    at console.value (node:internal/console/constructor:300:16)
    at console.warn (node:internal/console/constructor:382:26)
    at consoleLog (/tmp/.mount_WowUp-4cSHwu/resources/app.asar/node_modules/electron-log/src/transports/console.js:100:17)
[2023-08-26 15:15:27.557] [error] uncaughtException Error: write EIO
    at afterWriteDispatched (node:internal/stream_base_commons:160:15)
    at writeGeneric (node:internal/stream_base_commons:151:3)
    at Socket._writeGeneric (node:net:930:11)
    at Socket._write (node:net:942:8)
    at writeOrBuffer (node:internal/streams/writable:392:12)
    at _write (node:internal/streams/writable:333:10)
    at Writable.write (node:internal/streams/writable:337:10)
    at console.value (node:internal/console/constructor:300:16)
    at console.warn (node:internal/console/constructor:382:26)
    at consoleLog (/tmp/.mount_WowUp-4cSHwu/resources/app.asar/node_modules/electron-log/src/transports/console.js:100:17)
[2023-08-26 15:15:27.557] [error] uncaughtException Error: write EIO
    at afterWriteDispatched (node:internal/stream_base_commons:160:15)
    at writeGeneric (node:internal/stream_base_commons:151:3)
    at Socket._writeGeneric (node:net:930:11)
    at Socket._write (node:net:942:8)
    at writeOrBuffer (node:internal/streams/writable:392:12)
    at _write (node:internal/streams/writable:333:10)
    at Writable.write (node:internal/streams/writable:337:10)
    at console.value (node:internal/console/constructor:300:16)
    at console.warn (node:internal/console/constructor:382:26)
    at consoleLog (/tmp/.mount_WowUp-4cSHwu/resources/app.asar/node_modules/electron-log/src/transports/console.js:100:17)
[2023-08-26 15:15:27.557] [error] uncaughtException Error: write EIO
    at afterWriteDispatched (node:internal/stream_base_commons:160:15)
    at writeGeneric (node:internal/stream_base_commons:151:3)
    at Socket._writeGeneric (node:net:930:11)
    at Socket._write (node:net:942:8)
    at writeOrBuffer (node:internal/streams/writable:392:12)
    at _write (node:internal/streams/writable:333:10)
    at Writable.write (node:internal/streams/writable:337:10)
    at console.value (node:internal/console/constructor:300:16)
    at console.warn (node:internal/console/constructor:382:26)
    at consoleLog (/tmp/.mount_WowUp-4cSHwu/resources/app.asar/node_modules/electron-log/src/transports/console.js:100:17)
[2023-08-26 15:15:27.557] [error] uncaughtException Error: write EIO
    at afterWriteDispatched (node:internal/stream_base_commons:160:15)
    at writeGeneric (node:internal/stream_base_commons:151:3)
    at Socket._writeGeneric (node:net:930:11)
    at Socket._write (node:net:942:8)
    at writeOrBuffer (node:internal/streams/writable:392:12)
    at _write (node:internal/streams/writable:333:10)
    at Writable.write (node:internal/streams/writable:337:10)
    at console.value (node:internal/console/constructor:300:16)
    at console.warn (node:internal/console/constructor:382:26)
    at consoleLog (/tmp/.mount_WowUp-4cSHwu/resources/app.asar/node_modules/electron-log/src/transports/console.js:100:17)
[2023-08-26 15:15:27.557] [error] uncaughtException Error: write EIO
    at afterWriteDispatched (node:internal/stream_base_commons:160:15)
    at writeGeneric (node:internal/stream_base_commons:151:3)
    at Socket._writeGeneric (node:net:930:11)
    at Socket._write (node:net:942:8)
    at writeOrBuffer (node:internal/streams/writable:392:12)
    at _write (node:internal/streams/writable:333:10)
    at Writable.write (node:internal/streams/writable:337:10)
    at console.value (node:internal/console/constructor:300:16)
    at console.warn (node:internal/console/constructor:382:26)
    at consoleLog (/tmp/.mount_WowUp-4cSHwu/resources/app.asar/node_modules/electron-log/src/transports/console.js:100:17)
[2023-08-26 15:15:27.557] [error] uncaughtException Error: write EIO
    at afterWriteDispatched (node:internal/stream_base_commons:160:15)
    at writeGeneric (node:internal/stream_base_commons:151:3)
    at Socket._writeGeneric (node:net:930:11)
    at Socket._write (node:net:942:8)
    at writeOrBuffer (node:internal/streams/writable:392:12)
    at _write (node:internal/streams/writable:333:10)
    at Writable.write (node:internal/streams/writable:337:10)
    at console.value (node:internal/console/constructor:300:16)
    at console.warn (node:internal/console/constructor:382:26)
    at consoleLog (/tmp/.mount_WowUp-4cSHwu/resources/app.asar/node_modules/electron-log/src/transports/console.js:100:17)
[2023-08-26 15:15:27.558] [error] uncaughtException Error: write EIO
    at afterWriteDispatched (node:internal/stream_base_commons:160:15)
    at writeGeneric (node:internal/stream_base_commons:151:3)
    at Socket._writeGeneric (node:net:930:11)
    at Socket._write (node:net:942:8)
    at writeOrBuffer (node:internal/streams/writable:392:12)
    at _write (node:internal/streams/writable:333:10)
    at Writable.write (node:internal/streams/writable:337:10)
    at console.value (node:internal/console/constructor:300:16)
    at console.warn (node:internal/console/constructor:382:26)
    at consoleLog (/tmp/.mount_WowUp-4cSHwu/resources/app.asar/node_modules/electron-log/src/transports/console.js:100:17)
[2023-08-26 15:15:27.558] [error] uncaughtException Error: write EIO
    at afterWriteDispatched (node:internal/stream_base_commons:160:15)
    at writeGeneric (node:internal/stream_base_commons:151:3)
    at Socket._writeGeneric (node:net:930:11)
    at Socket._write (node:net:942:8)
    at writeOrBuffer (node:internal/streams/writable:392:12)
    at _write (node:internal/streams/writable:333:10)
    at Writable.write (node:internal/streams/writable:337:10)
    at console.value (node:internal/console/constructor:300:16)
    at console.warn (node:internal/console/constructor:382:26)
    at consoleLog (/tmp/.mount_WowUp-4cSHwu/resources/app.asar/node_modules/electron-log/src/transports/console.js:100:17)
[2023-08-26 15:15:27.558] [error] uncaughtException Error: write EIO
    at afterWriteDispatched (node:internal/stream_base_commons:160:15)
    at writeGeneric (node:internal/stream_base_commons:151:3)
    at Socket._writeGeneric (node:net:930:11)
    at Socket._write (node:net:942:8)
    at writeOrBuffer (node:internal/streams/writable:392:12)
    at _write (node:internal/streams/writable:333:10)
    at Writable.write (node:internal/streams/writable:337:10)
    at console.value (node:internal/console/constructor:300:16)
    at console.warn (node:internal/console/constructor:382:26)
    at consoleLog (/tmp/.mount_WowUp-4cSHwu/resources/app.asar/node_modules/electron-log/src/transports/console.js:100:17)
[2023-08-26 15:15:27.558] [error] uncaughtException Error: write EIO
    at afterWriteDispatched (node:internal/stream_base_commons:160:15)
    at writeGeneric (node:internal/stream_base_commons:151:3)
    at Socket._writeGeneric (node:net:930:11)
    at Socket._write (node:net:942:8)
    at writeOrBuffer (node:internal/streams/writable:392:12)
    at _write (node:internal/streams/writable:333:10)
    at Writable.write (node:internal/streams/writable:337:10)
    at console.value (node:internal/console/constructor:300:16)
    at console.warn (node:internal/console/constructor:382:26)
    at consoleLog (/tmp/.mount_WowUp-4cSHwu/resources/app.asar/node_modules/electron-log/src/transports/console.js:100:17)
[2023-08-26 15:15:27.558] [error] uncaughtException Error: write EIO
    at afterWriteDispatched (node:internal/stream_base_commons:160:15)
    at writeGeneric (node:internal/stream_base_commons:151:3)
    at Socket._writeGeneric (node:net:930:11)
    at Socket._write (node:net:942:8)
    at writeOrBuffer (node:internal/streams/writable:392:12)
    at _write (node:internal/streams/writable:333:10)
    at Writable.write (node:internal/streams/writable:337:10)
    at console.value (node:internal/console/constructor:300:16)
    at console.warn (node:internal/console/constructor:382:26)
    at consoleLog (/tmp/.mount_WowUp-4cSHwu/resources/app.asar/node_modules/electron-log/src/transports/console.js:100:17)
[2023-08-26 15:15:27.558] [error] uncaughtException Error: write EIO
    at afterWriteDispatched (node:internal/stream_base_commons:160:15)
    at writeGeneric (node:internal/stream_base_commons:151:3)
    at Socket._writeGeneric (node:net:930:11)
    at Socket._write (node:net:942:8)
    at writeOrBuffer (node:internal/streams/writable:392:12)
    at _write (node:internal/streams/writable:333:10)
    at Writable.write (node:internal/streams/writable:337:10)
    at console.value (node:internal/console/constructor:300:16)
    at console.warn (node:internal/console/constructor:382:26)
    at consoleLog (/tmp/.mount_WowUp-4cSHwu/resources/app.asar/node_modules/electron-log/src/transports/console.js:100:17)
[2023-08-26 15:15:27.559] [error] uncaughtException Error: write EIO
    at afterWriteDispatched (node:internal/stream_base_commons:160:15)
    at writeGeneric (node:internal/stream_base_commons:151:3)
    at Socket._writeGeneric (node:net:930:11)
    at Socket._write (node:net:942:8)
    at writeOrBuffer (node:internal/streams/writable:392:12)
    at _write (node:internal/streams/writable:333:10)
    at Writable.write (node:internal/streams/writable:337:10)
    at console.value (node:internal/console/constructor:300:16)
    at console.warn (node:internal/console/constructor:382:26)
    at consoleLog (/tmp/.mount_WowUp-4cSHwu/resources/app.asar/node_modules/electron-log/src/transports/console.js:100:17)
[2023-08-26 15:15:27.559] [error] uncaughtException Error: write EIO
    at afterWriteDispatched (node:internal/stream_base_commons:160:15)
    at writeGeneric (node:internal/stream_base_commons:151:3)
    at Socket._writeGeneric (node:net:930:11)
    at Socket._write (node:net:942:8)
    at writeOrBuffer (node:internal/streams/writable:392:12)
    at _write (node:internal/streams/writable:333:10)
    at Writable.write (node:internal/streams/writable:337:10)
    at console.value (node:internal/console/constructor:300:16)
    at console.warn (node:internal/console/constructor:382:26)
    at consoleLog (/tmp/.mount_WowUp-4cSHwu/resources/app.asar/node_modules/electron-log/src/transports/console.js:100:17)
[2023-08-26 15:15:27.559] [error] uncaughtException Error: write EIO
    at afterWriteDispatched (node:internal/stream_base_commons:160:15)
    at writeGeneric (node:internal/stream_base_commons:151:3)
    at Socket._writeGeneric (node:net:930:11)
    at Socket._write (node:net:942:8)
    at writeOrBuffer (node:internal/streams/writable:392:12)
    at _write (node:internal/streams/writable:333:10)
    at Writable.write (node:internal/streams/writable:337:10)
    at console.value (node:internal/console/constructor:300:16)
    at console.warn (node:internal/console/constructor:382:26)
    at consoleLog (/tmp/.mount_WowUp-4cSHwu/resources/app.asar/node_modules/electron-log/src/transports/console.js:100:17)
[2023-08-26 15:15:27.559] [error] uncaughtException Error: write EIO
    at afterWriteDispatched (node:internal/stream_base_commons:160:15)
    at writeGeneric (node:internal/stream_base_commons:151:3)
    at Socket._writeGeneric (node:net:930:11)
    at Socket._write (node:net:942:8)
    at writeOrBuffer (node:internal/streams/writable:392:12)
    at _write (node:internal/streams/writable:333:10)
    at Writable.write (node:internal/streams/writable:337:10)
    at console.value (node:internal/console/constructor:300:16)
    at console.warn (node:internal/console/constructor:382:26)
    at consoleLog (/tmp/.mount_WowUp-4cSHwu/resources/app.asar/node_modules/electron-log/src/transports/console.js:100:17)
[2023-08-26 15:15:27.559] [error] uncaughtException Error: write EIO
    at afterWriteDispatched (node:internal/stream_base_commons:160:15)
    at writeGeneric (node:internal/stream_base_commons:151:3)
    at Socket._writeGeneric (node:net:930:11)
    at Socket._write (node:net:942:8)
    at writeOrBuffer (node:internal/streams/writable:392:12)
    at _write (node:internal/streams/writable:333:10)
    at Writable.write (node:internal/streams/writable:337:10)
    at console.value (node:internal/console/constructor:300:16)
    at console.warn (node:internal/console/constructor:382:26)
    at consoleLog (/tmp/.mount_WowUp-4cSHwu/resources/app.asar/node_modules/electron-log/src/transports/console.js:100:17)
[2023-08-26 15:15:27.559] [error] uncaughtException Error: write EIO
    at afterWriteDispatched (node:internal/stream_base_commons:160:15)
    at writeGeneric (node:internal/stream_base_commons:151:3)
    at Socket._writeGeneric (node:net:930:11)
    at Socket._write (node:net:942:8)
    at writeOrBuffer (node:internal/streams/writable:392:12)
    at _write (node:internal/streams/writable:333:10)
    at Writable.write (node:internal/streams/writable:337:10)
    at console.value (node:internal/console/constructor:300:16)
    at console.warn (node:internal/console/constructor:382:26)
    at consoleLog (/tmp/.mount_WowUp-4cSHwu/resources/app.asar/node_modules/electron-log/src/transports/console.js:100:17)
[2023-08-26 15:15:27.560] [error] uncaughtException Error: write EIO
    at afterWriteDispatched (node:internal/stream_base_commons:160:15)
    at writeGeneric (node:internal/stream_base_commons:151:3)
    at Socket._writeGeneric (node:net:930:11)
    at Socket._write (node:net:942:8)
    at writeOrBuffer (node:internal/streams/writable:392:12)
    at _write (node:internal/streams/writable:333:10)
    at Writable.write (node:internal/streams/writable:337:10)
    at console.value (node:internal/console/constructor:300:16)
    at console.warn (node:internal/console/constructor:382:26)
    at consoleLog (/tmp/.mount_WowUp-4cSHwu/resources/app.asar/node_modules/electron-log/src/transports/console.js:100:17)
[2023-08-26 15:15:27.560] [error] uncaughtException Error: write EIO
    at afterWriteDispatched (node:internal/stream_base_commons:160:15)
    at writeGeneric (node:internal/stream_base_commons:151:3)
    at Socket._writeGeneric (node:net:930:11)
    at Socket._write (node:net:942:8)
    at writeOrBuffer (node:internal/streams/writable:392:12)
    at _write (node:internal/streams/writable:333:10)
    at Writable.write (node:internal/streams/writable:337:10)
    at console.value (node:internal/console/constructor:300:16)
    at console.warn (node:internal/console/constructor:382:26)
    at consoleLog (/tmp/.mount_WowUp-4cSHwu/resources/app.asar/node_modules/electron-log/src/transports/console.js:100:17)
[2023-08-26 15:15:27.560] [error] uncaughtException Error: write EIO
    at afterWriteDispatched (node:internal/stream_base_commons:160:15)
    at writeGeneric (node:internal/stream_base_commons:151:3)
    at Socket._writeGeneric (node:net:930:11)
    at Socket._write (node:net:942:8)
    at writeOrBuffer (node:internal/streams/writable:392:12)
    at _write (node:internal/streams/writable:333:10)
    at Writable.write (node:internal/streams/writable:337:10)
    at console.value (node:internal/console/constructor:300:16)
    at console.warn (node:internal/console/constructor:382:26)
    at consoleLog (/tmp/.mount_WowUp-4cSHwu/resources/app.asar/node_modules/electron-log/src/transports/console.js:100:17)
[2023-08-26 15:15:27.560] [error] uncaughtException Error: write EIO
    at afterWriteDispatched (node:internal/stream_base_commons:160:15)
    at writeGeneric (node:internal/stream_base_commons:151:3)
    at Socket._writeGeneric (node:net:930:11)
    at Socket._write (node:net:942:8)
    at writeOrBuffer (node:internal/streams/writable:392:12)
    at _write (node:internal/streams/writable:333:10)
    at Writable.write (node:internal/streams/writable:337:10)
    at console.value (node:internal/console/constructor:300:16)
    at console.warn (node:internal/console/constructor:382:26)
    at consoleLog (/tmp/.mount_WowUp-4cSHwu/resources/app.asar/node_modules/electron-log/src/transports/console.js:100:17)
[2023-08-26 15:15:27.560] [error] uncaughtException Error: write EIO
    at afterWriteDispatched (node:internal/stream_base_commons:160:15)
    at writeGeneric (node:internal/stream_base_commons:151:3)
    at Socket._writeGeneric (node:net:930:11)
    at Socket._write (node:net:942:8)
    at writeOrBuffer (node:internal/streams/writable:392:12)
    at _write (node:internal/streams/writable:333:10)
    at Writable.write (node:internal/streams/writable:337:10)
    at console.value (node:internal/console/constructor:300:16)
    at console.warn (node:internal/console/constructor:382:26)
    at consoleLog (/tmp/.mount_WowUp-4cSHwu/resources/app.asar/node_modules/electron-log/src/transports/console.js:100:17)
[2023-08-26 15:15:27.561] [error] uncaughtException Error: write EIO
    at afterWriteDispatched (node:internal/stream_base_commons:160:15)
    at writeGeneric (node:internal/stream_base_commons:151:3)
    at Socket._writeGeneric (node:net:930:11)
    at Socket._write (node:net:942:8)
    at writeOrBuffer (node:internal/streams/writable:392:12)
    at _write (node:internal/streams/writable:333:10)
    at Writable.write (node:internal/streams/writable:337:10)
    at console.value (node:internal/console/constructor:300:16)
    at console.warn (node:internal/console/constructor:382:26)
    at consoleLog (/tmp/.mount_WowUp-4cSHwu/resources/app.asar/node_modules/electron-log/src/transports/console.js:100:17)
